<?xml version="1.0" encoding="UTF-8"?>
<!-- Generated by org.testng.reporters.JUnitXMLReporter -->
<testsuite ignored="0" hostname="W2027491" failures="0" tests="4" name="Car loan" time="0.028" errors="0" timestamp="2023-10-08T23:59:03 IST">
  <testcase classname="Rest.day3" name="LoginAPIHomeLoan" time="0.001"/>
  <testcase classname="Rest.day3" name="MobileLoginHomeLoan" time="0.002"/>
  <testcase classname="Rest.day3" name="WebLoginHomeLoan" time="0.003"/>
  <testcase classname="Rest.day3" name="WebLoginLoan" time="0.002"/>
</testsuite> <!-- Car loan -->
