<?xml version="1.0" encoding="UTF-8"?>
<!-- Generated by org.testng.reporters.JUnitXMLReporter -->
<testsuite ignored="1" hostname="W2027491" failures="0" tests="3" name="Cloan" time="0.024" errors="0" timestamp="2023-10-09T00:15:54 IST">
  <testcase classname="Rest.day3" name="MobileLoginHomeLoan" time="0.003"/>
  <testcase classname="Rest.day3" name="WebLoginHomeLoan" time="0.002"/>
  <testcase classname="Rest.day3" name="WebLoginLoan" time="0.002"/>
  <testcase classname="Rest.day3" name="LoginAPIHomeLoan" time="0.0">
    <ignored/>
  </testcase> <!-- LoginAPIHomeLoan -->
</testsuite> <!-- Cloan -->
